2014-07-24 16:40:23.515 solveEverything[19113:70b] Multi-tasking -> Device: YES, App: YES
2014-07-24 16:40:23.652 solveEverything[19113:70b] Unlimited access to network resources
2014-07-24 16:40:24.164 solveEverything[19113:70b] [CDVTimer][keyboard] 0.051975ms
2014-07-24 16:40:24.164 solveEverything[19113:70b] CDVPlugin class CDVStatusBar (pluginName: statusbar) does not exist.
2014-07-24 16:40:24.165 solveEverything[19113:70b] [CDVTimer][statusbar] 0.407994ms
2014-07-24 16:40:24.165 solveEverything[19113:70b] [CDVTimer][TotalPluginStartup] 1.269996ms
2014-07-24 16:40:24.412 solveEverything[19113:70b] Resetting plugins due to page load.
2014-07-24 16:40:24.818 solveEverything[19113:70b] Finished load of: file:///Users/Mike/Library/Application%20Support/iPhone%20Simulator/7.1/Applications/3418E787-E8E8-421C-9F6B-A4190167993D/solveEverything.app/www/index.html#/app/login
2014-07-24 16:40:35.031 solveEverything[19113:70b] {"$$protocol":"file","$$host":"","$$port":null,"$$path":"/app/dashboard","$$search":{},"$$hash":"","$$url":"/app/dashboard","$$absUrl":"file:///Users/Mike/Library/Application%20Support/iPhone%20Simulator/7.1/Applications/3418E787-E8E8-421C-9F6B-A4190167993D/solveEverything.app/www/index.html#/app/dashboard","$$replace":false}
2014-07-25 12:03:12.718 solveEverything[20916:70b] Multi-tasking -> Device: YES, App: YES
2014-07-25 12:03:13.005 solveEverything[20916:70b] Unlimited access to network resources
2014-07-25 12:03:13.430 solveEverything[20916:70b] [CDVTimer][keyboard] 0.056028ms
2014-07-25 12:03:13.430 solveEverything[20916:70b] CDVPlugin class CDVStatusBar (pluginName: statusbar) does not exist.
2014-07-25 12:03:13.431 solveEverything[20916:70b] [CDVTimer][statusbar] 0.393987ms
2014-07-25 12:03:13.431 solveEverything[20916:70b] [CDVTimer][TotalPluginStartup] 1.282990ms
2014-07-25 12:03:13.581 solveEverything[20916:70b] Resetting plugins due to page load.
2014-07-25 12:03:14.022 solveEverything[20916:70b] Finished load of: file:///Users/Mike/Library/Application%20Support/iPhone%20Simulator/7.1/Applications/3418E787-E8E8-421C-9F6B-A4190167993D/solveEverything.app/www/index.html#/app/login
2014-07-25 12:20:38.545 solveEverything[21347:70b] Multi-tasking -> Device: YES, App: YES
2014-07-25 12:20:38.553 solveEverything[21347:70b] Unlimited access to network resources
2014-07-25 12:20:38.569 solveEverything[21347:70b] [CDVTimer][keyboard] 0.067055ms
2014-07-25 12:20:38.570 solveEverything[21347:70b] CDVPlugin class CDVStatusBar (pluginName: statusbar) does not exist.
2014-07-25 12:20:38.571 solveEverything[21347:70b] [CDVTimer][statusbar] 0.594974ms
2014-07-25 12:20:38.571 solveEverything[21347:70b] [CDVTimer][TotalPluginStartup] 1.955032ms
2014-07-25 12:20:38.663 solveEverything[21347:70b] Resetting plugins due to page load.
2014-07-25 12:20:38.781 solveEverything[21347:70b] Finished load of: file:///Users/Mike/Library/Application%20Support/iPhone%20Simulator/7.1/Applications/3418E787-E8E8-421C-9F6B-A4190167993D/solveEverything.app/www/index.html#/app/login
2014-07-25 12:20:47.840 solveEverything[21347:70b] {"$$protocol":"file","$$host":"","$$port":null,"$$path":"/app/dashboard","$$search":{},"$$hash":"","$$url":"/app/dashboard","$$absUrl":"file:///Users/Mike/Library/Application%20Support/iPhone%20Simulator/7.1/Applications/3418E787-E8E8-421C-9F6B-A4190167993D/solveEverything.app/www/index.html#/app/dashboard","$$replace":false}
2014-07-25 12:21:08.802 solveEverything[21347:70b] {"$$protocol":"file","$$host":"","$$port":null,"$$path":"/app/dashboard","$$search":{},"$$hash":"","$$url":"/app/dashboard","$$absUrl":"file:///Users/Mike/Library/Application%20Support/iPhone%20Simulator/7.1/Applications/3418E787-E8E8-421C-9F6B-A4190167993D/solveEverything.app/www/index.html#/app/dashboard","$$replace":false}
2014-07-25 13:34:02.209 solveEverything[22102:70b] Multi-tasking -> Device: YES, App: YES
2014-07-25 13:34:02.215 solveEverything[22102:70b] Unlimited access to network resources
2014-07-25 13:34:02.231 solveEverything[22102:70b] [CDVTimer][keyboard] 0.056028ms
2014-07-25 13:34:02.231 solveEverything[22102:70b] CDVPlugin class CDVStatusBar (pluginName: statusbar) does not exist.
2014-07-25 13:34:02.232 solveEverything[22102:70b] [CDVTimer][statusbar] 0.376999ms
2014-07-25 13:34:02.232 solveEverything[22102:70b] [CDVTimer][TotalPluginStartup] 1.159966ms
2014-07-25 13:34:02.299 solveEverything[22102:70b] Resetting plugins due to page load.
2014-07-25 13:34:02.418 solveEverything[22102:70b] Finished load of: file:///Users/Mike/Library/Application%20Support/iPhone%20Simulator/7.1/Applications/3418E787-E8E8-421C-9F6B-A4190167993D/solveEverything.app/www/index.html#/app/login
2014-07-25 13:34:13.497 solveEverything[22102:70b] {"$$protocol":"file","$$host":"","$$port":null,"$$path":"/app/dashboard","$$search":{},"$$hash":"","$$url":"/app/dashboard","$$absUrl":"file:///Users/Mike/Library/Application%20Support/iPhone%20Simulator/7.1/Applications/3418E787-E8E8-421C-9F6B-A4190167993D/solveEverything.app/www/index.html#/app/dashboard","$$replace":false}
